0 verbose cli C:\Program Files\nodejs\node.exe C:\Program Files\nodejs\node_modules\npm\bin\npm-cli.js
1 info using npm@9.6.7
2 info using node@v18.17.1
3 timing npm:load:whichnode Completed in 4ms
4 timing config:load:defaults Completed in 6ms
5 timing config:load:file:C:\Program Files\nodejs\node_modules\npm\npmrc Completed in 8ms
6 timing config:load:builtin Completed in 10ms
7 timing config:load:cli Completed in 5ms
8 timing config:load:env Completed in 1ms
9 timing config:load:file:D:\PROJECTS\ANDROID\REACT\NATIVE\JOBS\kITTY\.npmrc Completed in 1ms
10 timing config:load:project Completed in 7ms
11 timing config:load:file:C:\Users\Movie\.npmrc Completed in 0ms
12 timing config:load:user Completed in 1ms
13 timing config:load:file:C:\Users\Movie\AppData\Roaming\npm\etc\npmrc Completed in 0ms
14 timing config:load:global Completed in 0ms
15 timing config:load:setEnvs Completed in 2ms
16 timing config:load Completed in 33ms
17 timing npm:load:configload Completed in 33ms
18 timing npm:load:mkdirpcache Completed in 1ms
19 timing npm:load:mkdirplogs Completed in 1ms
20 verbose title npm restart
21 verbose argv "restart" "--cache" "--reset"
22 timing npm:load:setTitle Completed in 5ms
23 timing config:load:flatten Completed in 7ms
24 timing npm:load:display Completed in 10ms
25 verbose logfile logs-max:10 dir:D:\PROJECTS\ANDROID\REACT\NATIVE\JOBS\kITTY\--reset\_logs\2023-09-19T14_12_45_017Z-
26 verbose logfile D:\PROJECTS\ANDROID\REACT\NATIVE\JOBS\kITTY\--reset\_logs\2023-09-19T14_12_45_017Z-debug-0.log
27 timing npm:load:logFile Completed in 55ms
28 timing npm:load:timers Completed in 0ms
29 timing npm:load:configScope Completed in 0ms
30 timing npm:load Completed in 113ms
31 silly logfile done cleaning log files
32 http fetch GET 200 https://registry.npmjs.org/npm 3836ms (cache miss)
33 http fetch GET 200 https://registry.npmjs.org/npm 4066ms (cache miss)
34 timing command:run-script Completed in 25219ms
35 timing command:restart Completed in 25315ms
36 notice
36 notice New [31mmajor[39m version of npm available! [31m9.6.7[39m -> [32m10.1.0[39m
36 notice Changelog: [36mhttps://github.com/npm/cli/releases/tag/v10.1.0[39m
36 notice Run [32mnpm install -g npm@10.1.0[39m to update!
36 notice
37 verbose exit 0
38 timing npm Completed in 25456ms
39 info ok
