0 verbose cli C:\Program Files\nodejs\node.exe D:\PROJECTS\ANDROID\REACT\NATIVE\JOBS\KITTY\node_modules\npm\bin\npm-cli.js
1 info using npm@10.1.0
2 info using node@v18.17.1
3 timing npm:load:whichnode Completed in 4ms
4 timing config:load:defaults Completed in 7ms
5 timing config:load:file:D:\PROJECTS\ANDROID\REACT\NATIVE\JOBS\KITTY\node_modules\npm\npmrc Completed in 5ms
6 timing config:load:builtin Completed in 6ms
7 timing config:load:cli Completed in 3ms
8 timing config:load:env Completed in 2ms
9 timing config:load:file:D:\PROJECTS\ANDROID\REACT\NATIVE\JOBS\kITTY\.npmrc Completed in 0ms
10 timing config:load:project Completed in 8ms
11 timing config:load:file:C:\Users\Movie\.npmrc Completed in 1ms
12 timing config:load:user Completed in 1ms
13 timing config:load:file:C:\Users\Movie\AppData\Roaming\npm\etc\npmrc Completed in 1ms
14 timing config:load:global Completed in 1ms
15 timing config:load:setEnvs Completed in 2ms
16 timing config:load Completed in 31ms
17 timing npm:load:configload Completed in 31ms
18 timing config:load:flatten Completed in 7ms
19 timing npm:load:mkdirpcache Completed in 1ms
20 timing npm:load:mkdirplogs Completed in 1ms
21 verbose title npm start
22 verbose argv "start"
23 timing npm:load:setTitle Completed in 2ms
24 timing npm:load:display Completed in 2ms
25 verbose logfile logs-max:10 dir:D:\PROJECTS\ANDROID\REACT\NATIVE\JOBS\kITTY\--reset\_logs\2023-09-19T14_12_52_343Z-
26 verbose logfile D:\PROJECTS\ANDROID\REACT\NATIVE\JOBS\kITTY\--reset\_logs\2023-09-19T14_12_52_343Z-debug-0.log
27 timing npm:load:logFile Completed in 32ms
28 timing npm:load:timers Completed in 0ms
29 timing npm:load:configScope Completed in 0ms
30 timing npm:load Completed in 135ms
31 silly logfile done cleaning log files
32 timing command:run-script Completed in 17652ms
33 timing command:start Completed in 17681ms
34 verbose exit 0
35 timing npm Completed in 18091ms
36 info ok
